Symbol table level 0
 31023120        real  BASIC  basicdt   1          siz     8
 31023248     integer  BASIC  basicdt   0          siz     4
 31023376        char  BASIC  basicdt   2          siz     1
 31023504     boolean  BASIC  basicdt   3          siz     4
 31023632         exp  knd 5 0  typ 31023760  lvl  0  siz     0  off     0
(FUNCTION real
          real)
 31024016       trexp  knd 5 0  typ 31024144  lvl  0  siz     0  off     0
(FUNCTION real
          real)
 31024400         sin  knd 5 0  typ 31024528  lvl  0  siz     0  off     0
(FUNCTION real
          real)
 31024784         cos  knd 5 0  typ 31024912  lvl  0  siz     0  off     0
(FUNCTION real
          real)
 31025168       trsin  knd 5 0  typ 31025296  lvl  0  siz     0  off     0
(FUNCTION real
          real)
 31025552        sqrt  knd 5 0  typ 31025680  lvl  0  siz     0  off     0
(FUNCTION real
          real)
 31025936       round  knd 5 0  typ 31026064  lvl  0  siz     0  off     0
(FUNCTION real
          real)
 31026320      iround  knd 5 0  typ 31026448  lvl  0  siz     0  off     0
(FUNCTION integer
          real)
 31026704         ord  knd 5 0  typ 31026832  lvl  0  siz     0  off     0
(FUNCTION integer
          integer)
 31027088         new  knd 5 0  typ 31027216  lvl  0  siz     0  off     0
(FUNCTION integer
          integer)
 31027472       trnew  knd 5 0  typ 31027600  lvl  0  siz     0  off     0
(FUNCTION integer
          integer)
 31027856       write  knd 5 0  typ 31027984  lvl  0  siz     0  off     0
(FUNCTION NULL
          char)
 31028240     writeln  knd 5 0  typ 31028368  lvl  0  siz     0  off     0
(FUNCTION NULL
          char)
 31028624      writef  knd 5 0  typ 31028752  lvl  0  siz     0  off     0
(FUNCTION NULL
          real)
 31029008    writelnf  knd 5 0  typ 31029136  lvl  0  siz     0  off     0
(FUNCTION NULL
          real)
 31029392      writei  knd 5 0  typ 31029520  lvl  0  siz     0  off     0
(FUNCTION NULL
          integer)
 31029776    writelni  knd 5 0  typ 31029904  lvl  0  siz     0  off     0
(FUNCTION NULL
          integer)
 31030160        read  knd 5 0  typ 31030288  lvl  0  siz     0  off     0
(FUNCTION NULL
          NULL)
 31030544      readln  knd 5 0  typ 31030672  lvl  0  siz     0  off     0
(FUNCTION NULL
          NULL)
 31030928         eof  knd 5 0  typ 31031056  lvl  0  siz     0  off     0
(FUNCTION boolean
          NULL)
Symbol table level 1
 31050288     complex  TYPE   typ 31050160  lvl  1  siz    16  off     0
(RECORD (re real)
        (im real))
 31051472         red  CONST  typ INTEGER  val  0
 31051696       white  CONST  typ INTEGER  val  1
 31051920        blue  CONST  typ INTEGER  val  2
 31052272       color  TYPE   typ 31052144  lvl  1  siz     4  off     0
  0 ..   2
 31053008      person  TYPE   typ 31056208  lvl  1  siz    48  off     0
(RECORD (age integer)
        (friend (^ person))
        (location (RECORD (re real)
                          (im real)))
        (favorite   0 ..   2)
        (salary real))
 31053136          pp  TYPE   typ 31052880  lvl  1  siz     8  off     0
(^ person)
 31057008           c  VAR    0 typ 31050160  lvl  1  siz    16  off     0
(RECORD (re real)
        (im real))
 31057136           d  VAR    0 typ 31050160  lvl  1  siz    16  off    16
(RECORD (re real)
        (im real))
 31058032           i  VAR    0 typ integer  lvl  1  siz     4  off    32
 31058160           j  VAR    0 typ integer  lvl  1  siz     4  off    36
 31058288         sum  VAR    0 typ integer  lvl  1  siz     4  off    40
 31059824          ac  VAR    0 typ 31059696  lvl  1  siz   160  off    48
(ARRAY   1 ..  10 (RECORD (re real)
                          (im real)))
 31061680         aco  VAR    0 typ 31061552  lvl  1  siz   120  off   208
(ARRAY   1 ..  10 (ARRAY   0 ..   2   0 ..   2))
 31062768        john  VAR    4 typ 31052880  lvl  1  siz     8  off   328
(^ person)
 31062896        mary  VAR    4 typ 31052880  lvl  1  siz     8  off   336
(^ person)
 31063024        fred  VAR    4 typ 31052880  lvl  1  siz     8  off   344
(^ person)
 31063152         ptr  VAR    4 typ 31052880  lvl  1  siz     8  off   352
(^ person)
 31064688      people  VAR    0 typ 31064560  lvl  1  siz   960  off   368
(ARRAY   1 ..  20 (RECORD (age integer)
                          (friend (^ person))
                          (location (RECORD (re real)
                                            (im real)))
                          (favorite   0 ..   2)
                          (salary real)))
 31066960           z  VAR    1 typ 31066832  lvl  1  siz   400  off  1328
(ARRAY   1 ..   5 (ARRAY   1 ..  10 real))
yyparse result =        0
(program graph1 (progn output)
                (progn (:= john (funcall new 48))
                       (:= mary (funcall new 48))
                       (:= fred (funcall new 48))
                       (:= (aref (^ john)
                                 32)
                           2)
                       (:= (aref (^ john)
                                 0)
                           19)
                       (progn (label 1)
                              (:= (aref (^ john)
                                        8)
                                  mary))
                       (:= (aref (^ john)
                                 40)
                           4.000000e+04)
                       (:= (aref (^ john)
                                 16)
                           3.000001e+00)
                       (:= (aref (^ mary)
                                 0)
                           21)
                       (:= (aref (^ mary)
                                 8)
                           fred)
                       (progn (label 0)
                              (:= (aref (^ fred)
                                        0)
                                  20))
                       (:= (aref (^ fred)
                                 8)
                           0)
                       (:= (aref (^ (aref (^ (aref (^ john)
                                                   8))
                                          8))
                                 24)
                           4.500000e+00)
                       (:= (aref ac 104)
                           (aref (^ john)
                                 40))
                       (:= ptr john)
                       (:= sum 0)
                       (:= i 1)
                       (:= j 1)
                       (:= (aref z (+ -88
                                      (* 80
                                         i)
                                      (* 8
                                         j)))
                           1.000000e+01)
                       (progn (label 2)
                              (if (<> ptr 0)
                                  (progn (:= sum (+ sum (aref (^ ptr)
                                                              0)))
                                         (:= (aref people (+ -48
                                                             (* 48
                                                                i)))
                                             (aref (^ ptr)
                                                   0))
                                         (:= (aref aco (+ -8
                                                          (* 12
                                                             i)))
                                             (aref (^ john)
                                                   32))
                                         (:= ptr (aref (^ ptr)
                                                       8))
                                         (:= i (+ i 1))
                                         (goto 2))))
                       (funcall write 'i = ')
                       (funcall writelni i)
                       (funcall write 'Sum of ages = ')
                       (funcall writelni sum)
                       (funcall write 'Fred loc im = ')
                       (funcall writelnf (aref (^ fred)
                                               24))
                       (if (< sum 3)
                           (goto 0))))
